<?xml version="1.0" encoding="UTF-8"?>
<!-- Generated by org.testng.reporters.JUnitReportReporter -->
<testsuite hostname="Ankit" failures="0" tests="1" name="tests.CreateAccountTest" time="25.187" errors="0" timestamp="2024-09-17T13:26:16 IST" skipped="0">
  <testcase classname="tests.CreateAccountTest" name="createAccount" time="25.187"/>
</testsuite> <!-- tests.CreateAccountTest -->
