<?xml version="1.0" encoding="UTF-8"?>
<!-- Generated by org.testng.reporters.JUnitReportReporter -->
<testsuite hostname="Ankit" failures="0" tests="1" name="tests.BuyProductTest" time="60.150" errors="0" timestamp="2024-09-17T13:26:16 IST" skipped="0">
  <testcase classname="tests.BuyProductTest" name="BuyProduct" time="60.150"/>
</testsuite> <!-- tests.BuyProductTest -->
